0 info it worked if it ends with ok
1 verbose cli [ '/usr/local/bin/node',
1 verbose cli   '/usr/local/bin/npm',
1 verbose cli   'install',
1 verbose cli   'epoch' ]
2 info using npm@2.15.9
3 info using node@v4.6.1
4 verbose install initial load of /Users/alog1024/Desktop/ECJam/cognition/analysis/templates/analysis/epoch/package.json
5 verbose readDependencies loading dependencies from /Users/alog1024/Desktop/ECJam/cognition/analysis/templates/analysis/epoch/package.json
6 silly cache add args [ 'epoch', null ]
7 verbose cache add spec epoch
8 silly cache add parsed spec Result {
8 silly cache add   raw: 'epoch',
8 silly cache add   scope: null,
8 silly cache add   name: 'epoch',
8 silly cache add   rawSpec: '',
8 silly cache add   spec: 'latest',
8 silly cache add   type: 'tag' }
9 silly addNamed epoch@latest
10 verbose addNamed "latest" is being treated as a dist-tag for epoch
11 info addNameTag [ 'epoch', 'latest' ]
12 silly mapToRegistry name epoch
13 silly mapToRegistry using default registry
14 silly mapToRegistry registry https://registry.npmjs.org/
15 silly mapToRegistry data Result {
15 silly mapToRegistry   raw: 'epoch',
15 silly mapToRegistry   scope: null,
15 silly mapToRegistry   name: 'epoch',
15 silly mapToRegistry   rawSpec: '',
15 silly mapToRegistry   spec: 'latest',
15 silly mapToRegistry   type: 'tag' }
16 silly mapToRegistry uri https://registry.npmjs.org/epoch
17 verbose addNameTag registry:https://registry.npmjs.org/epoch not in flight; fetching
18 verbose request uri https://registry.npmjs.org/epoch
19 verbose request no auth needed
20 info attempt registry request try #1 at 4:26:23 PM
21 verbose request id 31bd021fe5ebc5f9
22 http request GET https://registry.npmjs.org/epoch
23 http 200 https://registry.npmjs.org/epoch
24 verbose headers { server: 'nginx/1.10.1',
24 verbose headers   'content-type': 'application/json',
24 verbose headers   'last-modified': 'Thu, 08 Nov 2012 23:19:56 GMT',
24 verbose headers   etag: 'W/"509c3e1c-10f9"',
24 verbose headers   'content-encoding': 'gzip',
24 verbose headers   'cache-control': 'max-age=300',
24 verbose headers   'content-length': '1152',
24 verbose headers   'accept-ranges': 'bytes',
24 verbose headers   date: 'Sat, 04 Mar 2017 08:26:23 GMT',
24 verbose headers   via: '1.1 varnish',
24 verbose headers   age: '0',
24 verbose headers   connection: 'keep-alive',
24 verbose headers   'x-served-by': 'cache-hkg6825-HKG',
24 verbose headers   'x-cache': 'MISS',
24 verbose headers   'x-cache-hits': '0',
24 verbose headers   'x-timer': 'S1488615983.424654,VS0,VE209',
24 verbose headers   vary: 'Accept-Encoding' }
25 silly get cb [ 200,
25 silly get   { server: 'nginx/1.10.1',
25 silly get     'content-type': 'application/json',
25 silly get     'last-modified': 'Thu, 08 Nov 2012 23:19:56 GMT',
25 silly get     etag: 'W/"509c3e1c-10f9"',
25 silly get     'content-encoding': 'gzip',
25 silly get     'cache-control': 'max-age=300',
25 silly get     'content-length': '1152',
25 silly get     'accept-ranges': 'bytes',
25 silly get     date: 'Sat, 04 Mar 2017 08:26:23 GMT',
25 silly get     via: '1.1 varnish',
25 silly get     age: '0',
25 silly get     connection: 'keep-alive',
25 silly get     'x-served-by': 'cache-hkg6825-HKG',
25 silly get     'x-cache': 'MISS',
25 silly get     'x-cache-hits': '0',
25 silly get     'x-timer': 'S1488615983.424654,VS0,VE209',
25 silly get     vary: 'Accept-Encoding' } ]
26 verbose get saving epoch to /Users/alog1024/.npm/registry.npmjs.org/epoch/.cache.json
27 verbose correctMkdir /Users/alog1024/.npm correctMkdir not in flight; initializing
28 silly addNameTag next cb for epoch with tag latest
29 silly addNamed epoch@0.1.0
30 verbose addNamed "0.1.0" is a plain semver version for epoch
31 silly mapToRegistry name epoch
32 silly mapToRegistry using default registry
33 silly mapToRegistry registry https://registry.npmjs.org/
34 silly mapToRegistry data Result {
34 silly mapToRegistry   raw: 'epoch',
34 silly mapToRegistry   scope: null,
34 silly mapToRegistry   name: 'epoch',
34 silly mapToRegistry   rawSpec: '',
34 silly mapToRegistry   spec: 'latest',
34 silly mapToRegistry   type: 'tag' }
35 silly mapToRegistry uri https://registry.npmjs.org/epoch
36 verbose addRemoteTarball https://registry.npmjs.org/epoch/-/epoch-0.1.0.tgz not in flight; adding
37 verbose addRemoteTarball [ 'https://registry.npmjs.org/epoch/-/epoch-0.1.0.tgz',
37 verbose addRemoteTarball   '8e3c72e0fca15dbe7d554804aa686eb9b87ac8b5' ]
38 info retry fetch attempt 1 at 4:26:23 PM
39 info attempt registry request try #1 at 4:26:23 PM
40 http fetch GET https://registry.npmjs.org/epoch/-/epoch-0.1.0.tgz
41 http fetch 200 https://registry.npmjs.org/epoch/-/epoch-0.1.0.tgz
42 silly fetchAndShaCheck shasum 8e3c72e0fca15dbe7d554804aa686eb9b87ac8b5
43 verbose addTmpTarball /var/folders/_m/jm0f15ld0rs8jqky64c7pd3r0000gn/T/npm-2856-be9c68da/registry.npmjs.org/epoch/-/epoch-0.1.0.tgz not in flight; adding
44 verbose addTmpTarball already have metadata; skipping unpack for epoch@0.1.0
45 verbose correctMkdir /Users/alog1024/.npm correctMkdir not in flight; initializing
46 silly cache afterAdd epoch@0.1.0
47 verbose afterAdd /Users/alog1024/.npm/epoch/0.1.0/package/package.json not in flight; writing
48 verbose correctMkdir /Users/alog1024/.npm correctMkdir not in flight; initializing
49 verbose afterAdd /Users/alog1024/.npm/epoch/0.1.0/package/package.json written
50 silly install resolved [ { name: 'epoch',
50 silly install resolved     version: '0.1.0',
50 silly install resolved     description: 'Epoch',
50 silly install resolved     homepage: 'http://github.com/viatropos/epoch',
50 silly install resolved     main: './lib/epoch',
50 silly install resolved     author: { name: 'Lance Pollard', email: 'lancejpollard@gmail.com' },
50 silly install resolved     keywords: [ 'node' ],
50 silly install resolved     maintainers: [ [Object] ],
50 silly install resolved     licenses: [ [Object] ],
50 silly install resolved     bugs: { url: 'https://github.com/viatropos/epoch/issues' },
50 silly install resolved     repository: { type: 'git', url: 'https://github.com/viatropos/epoch.git' },
50 silly install resolved     engines: { node: '>= 0.8.0' },
50 silly install resolved     directories: { lib: './lib' },
50 silly install resolved     bin: { epoch: './bin/epoch' },
50 silly install resolved     dependencies: { moment: '>= 1.0.0' },
50 silly install resolved     devDependencies: { chai: '~1.2.0', sinon: '~1.4.2', mocha: '~1.5.0' },
50 silly install resolved     readme: '# Content.js\n\n## Features\n\nConvert:\n\n- xls (excel) to csv\n- ppt to pdf\n- pdf to text\n- image to text\n- csv to json\n- text to json\n- html to json\n\nIn the end, all data should be converted to JSON, except code, which is kept unprocessed.\n\n## CLI\n\n```\n# convert html to json\ncontent https://twitter.com/ twitter.json\ncontent -i https://twitter.com/ -o twitter.json\n```\n\n## The Content Object\n\n### JSON\n\n``` json\n{\n  "title": "Content.js",\n  "description": "Convert content to JSON",\n  "tags": [],\n  "input": {\n    "encoding": "utf-8",\n    "size": 1024,\n    "type": "text/html",\n    "data": "# Content.js\\n\\n> Convert content to JSON...",\n  },\n  "output": [\n    {\n      "type": "header"\n    },\n    {\n      "type": "leftSidebar"\n    },\n    {\n      "type": "content",\n      "children": [\n        {\n          "type": "ul",\n          "children": [\n            {\n              "type": "li",\n              "text": "xls (excel) to csv"\n            }\n          ]\n        }\n      ]\n    }\n  ]\n}\n```\n\n### JavaScript\n\n``` coffeescript\ncontent = require(\'content.js\')\n\ncontent.parse \'https://github.com/viatropos/content\', (error, result) ->\n  result.title\n  result.tags\n  result.input\n  result.output\n  # cheerio instance, alias to `result.output.find`\n  result.find(\'ul\').each ->\n\n  # render a standardized html\n  result.toHTML()\n  # alias to `result.output`\n  result.toJSON()\n```',
50 silly install resolved     _id: 'epoch@0.1.0',
50 silly install resolved     dist:
50 silly install resolved      { shasum: '8e3c72e0fca15dbe7d554804aa686eb9b87ac8b5',
50 silly install resolved        tarball: 'https://registry.npmjs.org/epoch/-/epoch-0.1.0.tgz' },
50 silly install resolved     _shasum: '8e3c72e0fca15dbe7d554804aa686eb9b87ac8b5',
50 silly install resolved     _resolved: 'https://registry.npmjs.org/epoch/-/epoch-0.1.0.tgz',
50 silly install resolved     _from: 'epoch@latest' } ]
51 info install epoch@0.1.0 into /Users/alog1024/Desktop/ECJam/cognition/analysis/templates/analysis/epoch
52 info installOne epoch@0.1.0
53 verbose installOne of epoch to /Users/alog1024/Desktop/ECJam/cognition/analysis/templates/analysis/epoch not in flight; installing
54 verbose correctMkdir /Users/alog1024/.npm/_locks correctMkdir not in flight; initializing
55 verbose lock using /Users/alog1024/.npm/_locks/epoch-25f49bd1c678b297.lock for /Users/alog1024/Desktop/ECJam/cognition/analysis/templates/analysis/epoch/node_modules/epoch
56 silly install write writing epoch 0.1.0 to /Users/alog1024/Desktop/ECJam/cognition/analysis/templates/analysis/epoch/node_modules/epoch
57 verbose unbuild node_modules/epoch
58 silly gentlyRm /Users/alog1024/Desktop/ECJam/cognition/analysis/templates/analysis/epoch/node_modules/epoch is being purged from base /Users/alog1024/Desktop/ECJam/cognition/analysis/templates/analysis/epoch
59 verbose gentlyRm don't care about contents; nuking /Users/alog1024/Desktop/ECJam/cognition/analysis/templates/analysis/epoch/node_modules/epoch
60 verbose tar unpack /Users/alog1024/.npm/epoch/0.1.0/package.tgz
61 verbose tar unpacking to /Users/alog1024/Desktop/ECJam/cognition/analysis/templates/analysis/epoch/node_modules/epoch
62 silly gentlyRm /Users/alog1024/Desktop/ECJam/cognition/analysis/templates/analysis/epoch/node_modules/epoch is being purged
63 verbose gentlyRm don't care about contents; nuking /Users/alog1024/Desktop/ECJam/cognition/analysis/templates/analysis/epoch/node_modules/epoch
64 silly gunzTarPerm modes [ '755', '644' ]
65 silly gunzTarPerm extractEntry package.json
66 silly gunzTarPerm extractEntry .npmignore
67 silly gunzTarPerm extractEntry README.md
68 silly gunzTarPerm extractEntry lib/epoch.js
69 silly gunzTarPerm extractEntry MIT-LICENSE.md
70 verbose write writing to /Users/alog1024/Desktop/ECJam/cognition/analysis/templates/analysis/epoch/node_modules/epoch/package.json
71 info preinstall epoch@0.1.0
72 verbose readDependencies loading dependencies from /Users/alog1024/Desktop/ECJam/cognition/analysis/templates/analysis/epoch/node_modules/epoch/package.json
73 silly prepareForInstallMany adding moment@>= 1.0.0 from epoch dependencies
74 verbose readDependencies loading dependencies from /Users/alog1024/Desktop/ECJam/cognition/analysis/templates/analysis/epoch/node_modules/epoch/package.json
75 silly cache add args [ 'moment@>= 1.0.0', null ]
76 verbose cache add spec moment@>= 1.0.0
77 silly cache add parsed spec Result {
77 silly cache add   raw: 'moment@>= 1.0.0',
77 silly cache add   scope: null,
77 silly cache add   name: 'moment',
77 silly cache add   rawSpec: '>= 1.0.0',
77 silly cache add   spec: '>=1.0.0',
77 silly cache add   type: 'range' }
78 silly addNamed moment@>=1.0.0
79 verbose addNamed ">=1.0.0" is a valid semver range for moment
80 silly addNameRange { name: 'moment', range: '>=1.0.0', hasData: false }
81 silly mapToRegistry name moment
82 silly mapToRegistry using default registry
83 silly mapToRegistry registry https://registry.npmjs.org/
84 silly mapToRegistry data Result {
84 silly mapToRegistry   raw: 'moment',
84 silly mapToRegistry   scope: null,
84 silly mapToRegistry   name: 'moment',
84 silly mapToRegistry   rawSpec: '',
84 silly mapToRegistry   spec: 'latest',
84 silly mapToRegistry   type: 'tag' }
85 silly mapToRegistry uri https://registry.npmjs.org/moment
86 verbose addNameRange registry:https://registry.npmjs.org/moment not in flight; fetching
87 verbose request uri https://registry.npmjs.org/moment
88 verbose request no auth needed
89 info attempt registry request try #1 at 4:26:24 PM
90 http request GET https://registry.npmjs.org/moment
91 http 200 https://registry.npmjs.org/moment
92 verbose headers { server: 'nginx/1.10.1',
92 verbose headers   'content-type': 'application/json',
92 verbose headers   'last-modified': 'Sat, 04 Mar 2017 03:51:57 GMT',
92 verbose headers   etag: 'W/"58ba39dd-1a4de"',
92 verbose headers   'content-encoding': 'gzip',
92 verbose headers   'cache-control': 'max-age=300',
92 verbose headers   'content-length': '12020',
92 verbose headers   'accept-ranges': 'bytes',
92 verbose headers   date: 'Sat, 04 Mar 2017 08:26:23 GMT',
92 verbose headers   via: '1.1 varnish',
92 verbose headers   age: '209',
92 verbose headers   connection: 'keep-alive',
92 verbose headers   'x-served-by': 'cache-hkg6825-HKG',
92 verbose headers   'x-cache': 'HIT',
92 verbose headers   'x-cache-hits': '86',
92 verbose headers   'x-timer': 'S1488615983.971221,VS0,VE0',
92 verbose headers   vary: 'Accept-Encoding' }
93 silly get cb [ 200,
93 silly get   { server: 'nginx/1.10.1',
93 silly get     'content-type': 'application/json',
93 silly get     'last-modified': 'Sat, 04 Mar 2017 03:51:57 GMT',
93 silly get     etag: 'W/"58ba39dd-1a4de"',
93 silly get     'content-encoding': 'gzip',
93 silly get     'cache-control': 'max-age=300',
93 silly get     'content-length': '12020',
93 silly get     'accept-ranges': 'bytes',
93 silly get     date: 'Sat, 04 Mar 2017 08:26:23 GMT',
93 silly get     via: '1.1 varnish',
93 silly get     age: '209',
93 silly get     connection: 'keep-alive',
93 silly get     'x-served-by': 'cache-hkg6825-HKG',
93 silly get     'x-cache': 'HIT',
93 silly get     'x-cache-hits': '86',
93 silly get     'x-timer': 'S1488615983.971221,VS0,VE0',
93 silly get     vary: 'Accept-Encoding' } ]
94 verbose get saving moment to /Users/alog1024/.npm/registry.npmjs.org/moment/.cache.json
95 verbose correctMkdir /Users/alog1024/.npm correctMkdir not in flight; initializing
96 silly addNameRange number 2 { name: 'moment', range: '>=1.0.0', hasData: true }
97 silly addNameRange versions [ 'moment',
97 silly addNameRange   [ '1.0.0',
97 silly addNameRange     '1.0.1',
97 silly addNameRange     '1.1.0',
97 silly addNameRange     '1.1.1',
97 silly addNameRange     '1.2.0',
97 silly addNameRange     '1.3.0',
97 silly addNameRange     '1.4.0',
97 silly addNameRange     '1.5.0',
97 silly addNameRange     '1.5.1',
97 silly addNameRange     '1.6.0',
97 silly addNameRange     '1.6.1',
97 silly addNameRange     '1.6.2',
97 silly addNameRange     '1.7.0',
97 silly addNameRange     '1.7.1',
97 silly addNameRange     '1.7.2',
97 silly addNameRange     '2.0.0',
97 silly addNameRange     '2.1.0',
97 silly addNameRange     '2.2.1',
97 silly addNameRange     '2.3.0',
97 silly addNameRange     '2.3.1',
97 silly addNameRange     '2.4.0',
97 silly addNameRange     '2.5.0',
97 silly addNameRange     '2.5.1',
97 silly addNameRange     '2.6.0',
97 silly addNameRange     '2.7.0',
97 silly addNameRange     '2.8.1',
97 silly addNameRange     '2.8.2',
97 silly addNameRange     '2.8.3',
97 silly addNameRange     '2.8.4',
97 silly addNameRange     '2.9.0',
97 silly addNameRange     '2.10.2',
97 silly addNameRange     '2.10.3',
97 silly addNameRange     '2.10.5',
97 silly addNameRange     '2.10.6',
97 silly addNameRange     '2.11.0',
97 silly addNameRange     '2.11.1',
97 silly addNameRange     '2.11.2',
97 silly addNameRange     '2.12.0',
97 silly addNameRange     '2.13.0',
97 silly addNameRange     '2.14.0',
97 silly addNameRange     '2.14.1',
97 silly addNameRange     '2.15.0',
97 silly addNameRange     '2.15.1',
97 silly addNameRange     '2.15.2',
97 silly addNameRange     '2.16.0',
97 silly addNameRange     '2.17.0',
97 silly addNameRange     '2.17.1' ] ]
98 silly addNamed moment@2.17.1
99 verbose addNamed "2.17.1" is a plain semver version for moment
100 silly mapToRegistry name moment
101 silly mapToRegistry using default registry
102 silly mapToRegistry registry https://registry.npmjs.org/
103 silly mapToRegistry data Result {
103 silly mapToRegistry   raw: 'moment',
103 silly mapToRegistry   scope: null,
103 silly mapToRegistry   name: 'moment',
103 silly mapToRegistry   rawSpec: '',
103 silly mapToRegistry   spec: 'latest',
103 silly mapToRegistry   type: 'tag' }
104 silly mapToRegistry uri https://registry.npmjs.org/moment
105 verbose addRemoteTarball https://registry.npmjs.org/moment/-/moment-2.17.1.tgz not in flight; adding
106 verbose addRemoteTarball [ 'https://registry.npmjs.org/moment/-/moment-2.17.1.tgz',
106 verbose addRemoteTarball   'fed9506063f36b10f066c8b59a144d7faebe1d82' ]
107 info retry fetch attempt 1 at 4:26:24 PM
108 info attempt registry request try #1 at 4:26:24 PM
109 http fetch GET https://registry.npmjs.org/moment/-/moment-2.17.1.tgz
110 http fetch 200 https://registry.npmjs.org/moment/-/moment-2.17.1.tgz
111 silly fetchAndShaCheck shasum fed9506063f36b10f066c8b59a144d7faebe1d82
112 verbose addTmpTarball /var/folders/_m/jm0f15ld0rs8jqky64c7pd3r0000gn/T/npm-2856-be9c68da/registry.npmjs.org/moment/-/moment-2.17.1.tgz not in flight; adding
113 verbose addTmpTarball already have metadata; skipping unpack for moment@2.17.1
114 verbose correctMkdir /Users/alog1024/.npm correctMkdir not in flight; initializing
115 silly cache afterAdd moment@2.17.1
116 verbose afterAdd /Users/alog1024/.npm/moment/2.17.1/package/package.json not in flight; writing
117 verbose correctMkdir /Users/alog1024/.npm correctMkdir not in flight; initializing
118 verbose afterAdd /Users/alog1024/.npm/moment/2.17.1/package/package.json written
119 silly install resolved [ { name: 'moment',
119 silly install resolved     version: '2.17.1',
119 silly install resolved     description: 'Parse, validate, manipulate, and display dates',
119 silly install resolved     homepage: 'http://momentjs.com',
119 silly install resolved     author:
119 silly install resolved      { name: 'Iskren Ivov Chernev',
119 silly install resolved        email: 'iskren.chernev@gmail.com',
119 silly install resolved        url: 'https://github.com/ichernev' },
119 silly install resolved     contributors: [ [Object], [Object], [Object], [Object], [Object] ],
119 silly install resolved     keywords:
119 silly install resolved      [ 'moment',
119 silly install resolved        'date',
119 silly install resolved        'time',
119 silly install resolved        'parse',
119 silly install resolved        'format',
119 silly install resolved        'validate',
119 silly install resolved        'i18n',
119 silly install resolved        'l10n',
119 silly install resolved        'ender' ],
119 silly install resolved     main: './moment.js',
119 silly install resolved     'jsnext:main': './src/moment.js',
119 silly install resolved     typings: './moment.d.ts',
119 silly install resolved     engines: { node: '*' },
119 silly install resolved     repository: { type: 'git', url: 'git+https://github.com/moment/moment.git' },
119 silly install resolved     bugs: { url: 'https://github.com/moment/moment/issues' },
119 silly install resolved     license: 'MIT',
119 silly install resolved     devDependencies:
119 silly install resolved      { 'uglify-js': 'latest',
119 silly install resolved        'es6-promise': 'latest',
119 silly install resolved        grunt: '~0.4',
119 silly install resolved        'grunt-cli': 'latest',
119 silly install resolved        benchmark: 'latest',
119 silly install resolved        'grunt-contrib-clean': 'latest',
119 silly install resolved        'grunt-contrib-concat': 'latest',
119 silly install resolved        'grunt-contrib-copy': 'latest',
119 silly install resolved        'grunt-contrib-jshint': 'latest',
119 silly install resolved        'grunt-contrib-uglify': 'latest',
119 silly install resolved        'grunt-contrib-watch': 'latest',
119 silly install resolved        'grunt-env': 'latest',
119 silly install resolved        'grunt-jscs': 'latest',
119 silly install resolved        'grunt-karma': 'latest',
119 silly install resolved        'grunt-nuget': 'latest',
119 silly install resolved        'grunt-benchmark': 'latest',
119 silly install resolved        'grunt-string-replace': 'latest',
119 silly install resolved        'grunt-exec': 'latest',
119 silly install resolved        'load-grunt-tasks': 'latest',
119 silly install resolved        karma: 'latest',
119 silly install resolved        'karma-chrome-launcher': 'latest',
119 silly install resolved        'karma-firefox-launcher': 'latest',
119 silly install resolved        'karma-qunit': 'latest',
119 silly install resolved        'karma-sauce-launcher': 'latest',
119 silly install resolved        qunit: '^0.7.5',
119 silly install resolved        'qunit-cli': '^0.1.4',
119 silly install resolved        rollup: 'latest',
119 silly install resolved        spacejam: 'latest',
119 silly install resolved        typescript: '^1.8.10',
119 silly install resolved        coveralls: '^2.11.2',
119 silly install resolved        nyc: '^2.1.4' },
119 silly install resolved     ender: './ender.js',
119 silly install resolved     dojoBuild: 'package.js',
119 silly install resolved     jspm: { files: [Object], map: [Object], buildConfig: [Object] },
119 silly install resolved     scripts:
119 silly install resolved      { test: 'grunt test',
119 silly install resolved        coverage: 'nyc npm test && nyc report',
119 silly install resolved        coveralls: 'nyc npm test && nyc report --reporter=text-lcov | coveralls' },
119 silly install resolved     spm: { main: 'moment.js', output: [Object] },
119 silly install resolved     _id: 'moment@2.17.1',
119 silly install resolved     _shasum: 'fed9506063f36b10f066c8b59a144d7faebe1d82',
119 silly install resolved     _from: 'moment@>=1.0.0',
119 silly install resolved     _npmVersion: '3.10.3',
119 silly install resolved     _nodeVersion: '6.7.0',
119 silly install resolved     _npmUser: { name: 'ichernev', email: 'iskren.chernev@gmail.com' },
119 silly install resolved     dist:
119 silly install resolved      { shasum: 'fed9506063f36b10f066c8b59a144d7faebe1d82',
119 silly install resolved        tarball: 'https://registry.npmjs.org/moment/-/moment-2.17.1.tgz' },
119 silly install resolved     maintainers: [ [Object], [Object], [Object], [Object] ],
119 silly install resolved     _npmOperationalInternal:
119 silly install resolved      { host: 'packages-18-east.internal.npmjs.com',
119 silly install resolved        tmp: 'tmp/moment-2.17.1.tgz_1480830514641_0.819054787280038' },
119 silly install resolved     directories: {},
119 silly install resolved     _resolved: 'https://registry.npmjs.org/moment/-/moment-2.17.1.tgz' } ]
120 info install moment@2.17.1 into /Users/alog1024/Desktop/ECJam/cognition/analysis/templates/analysis/epoch/node_modules/epoch
121 info installOne moment@2.17.1
122 verbose installOne of moment to /Users/alog1024/Desktop/ECJam/cognition/analysis/templates/analysis/epoch/node_modules/epoch not in flight; installing
123 verbose correctMkdir /Users/alog1024/.npm/_locks correctMkdir not in flight; initializing
124 verbose lock using /Users/alog1024/.npm/_locks/moment-550e12f4a001df4b.lock for /Users/alog1024/Desktop/ECJam/cognition/analysis/templates/analysis/epoch/node_modules/epoch/node_modules/moment
125 silly install write writing moment 2.17.1 to /Users/alog1024/Desktop/ECJam/cognition/analysis/templates/analysis/epoch/node_modules/epoch/node_modules/moment
126 verbose unbuild node_modules/epoch/node_modules/moment
127 silly gentlyRm /Users/alog1024/Desktop/ECJam/cognition/analysis/templates/analysis/epoch/node_modules/epoch/node_modules/moment is being purged from base /Users/alog1024/Desktop/ECJam/cognition/analysis/templates/analysis/epoch
128 verbose gentlyRm don't care about contents; nuking /Users/alog1024/Desktop/ECJam/cognition/analysis/templates/analysis/epoch/node_modules/epoch/node_modules/moment
129 verbose tar unpack /Users/alog1024/.npm/moment/2.17.1/package.tgz
130 verbose tar unpacking to /Users/alog1024/Desktop/ECJam/cognition/analysis/templates/analysis/epoch/node_modules/epoch/node_modules/moment
131 silly gentlyRm /Users/alog1024/Desktop/ECJam/cognition/analysis/templates/analysis/epoch/node_modules/epoch/node_modules/moment is being purged
132 verbose gentlyRm don't care about contents; nuking /Users/alog1024/Desktop/ECJam/cognition/analysis/templates/analysis/epoch/node_modules/epoch/node_modules/moment
133 silly gunzTarPerm modes [ '755', '644' ]
134 silly gunzTarPerm extractEntry package.json
135 silly gunzTarPerm extractEntry README.md
136 silly gunzTarPerm extractEntry LICENSE
137 silly gunzTarPerm extractEntry ender.js
138 silly gunzTarPerm extractEntry moment.js
139 silly gunzTarPerm extractEntry package.js
140 silly gunzTarPerm extractEntry min/locales.js
141 silly gunzTarPerm extractEntry min/locales.min.js
142 silly gunzTarPerm extractEntry min/moment-with-locales.js
143 silly gunzTarPerm extractEntry min/moment-with-locales.min.js
144 silly gunzTarPerm extractEntry min/moment.min.js
145 silly gunzTarPerm extractEntry locale/af.js
146 silly gunzTarPerm extractEntry locale/ja.js
147 silly gunzTarPerm extractEntry locale/jv.js
148 silly gunzTarPerm extractEntry locale/ka.js
149 silly gunzTarPerm extractEntry locale/kk.js
150 silly gunzTarPerm extractEntry locale/it.js
151 silly gunzTarPerm extractEntry locale/ko.js
152 silly gunzTarPerm extractEntry locale/ky.js
153 silly gunzTarPerm extractEntry locale/lb.js
154 silly gunzTarPerm extractEntry locale/lo.js
155 silly gunzTarPerm extractEntry locale/lt.js
156 silly gunzTarPerm extractEntry locale/is.js
157 silly gunzTarPerm extractEntry locale/lv.js
158 silly gunzTarPerm extractEntry locale/id.js
159 silly gunzTarPerm extractEntry locale/me.js
160 silly gunzTarPerm extractEntry locale/hy-am.js
161 silly gunzTarPerm extractEntry locale/mi.js
162 silly gunzTarPerm extractEntry locale/hu.js
163 silly gunzTarPerm extractEntry locale/mk.js
164 silly gunzTarPerm extractEntry locale/hr.js
165 silly gunzTarPerm extractEntry locale/ml.js
166 silly gunzTarPerm extractEntry locale/hi.js
167 silly gunzTarPerm extractEntry locale/mr.js
168 silly gunzTarPerm extractEntry locale/he.js
169 silly gunzTarPerm extractEntry locale/ms-my.js
170 silly gunzTarPerm extractEntry locale/gl.js
171 silly gunzTarPerm extractEntry locale/ms.js
172 silly gunzTarPerm extractEntry locale/gd.js
173 silly gunzTarPerm extractEntry locale/my.js
174 silly gunzTarPerm extractEntry locale/fy.js
175 silly gunzTarPerm extractEntry locale/nb.js
176 silly gunzTarPerm extractEntry locale/fr.js
177 silly gunzTarPerm extractEntry locale/ne.js
178 silly gunzTarPerm extractEntry locale/fr-ch.js
179 silly gunzTarPerm extractEntry locale/nl-be.js
180 silly gunzTarPerm extractEntry locale/fr-ca.js
181 silly gunzTarPerm extractEntry locale/nl.js
182 silly gunzTarPerm extractEntry locale/fo.js
183 silly gunzTarPerm extractEntry locale/nn.js
184 silly gunzTarPerm extractEntry locale/fi.js
185 silly gunzTarPerm extractEntry locale/pa-in.js
186 silly gunzTarPerm extractEntry locale/fa.js
187 silly gunzTarPerm extractEntry locale/pl.js
188 silly gunzTarPerm extractEntry locale/eu.js
189 silly gunzTarPerm extractEntry locale/pt-br.js
190 silly gunzTarPerm extractEntry locale/et.js
191 silly gunzTarPerm extractEntry locale/pt.js
192 silly gunzTarPerm extractEntry locale/es.js
193 silly gunzTarPerm extractEntry locale/ro.js
194 silly gunzTarPerm extractEntry locale/es-do.js
195 silly gunzTarPerm extractEntry locale/ru.js
196 silly gunzTarPerm extractEntry locale/eo.js
197 silly gunzTarPerm extractEntry locale/se.js
198 silly gunzTarPerm extractEntry locale/en-nz.js
199 silly gunzTarPerm extractEntry locale/si.js
200 silly gunzTarPerm extractEntry locale/en-ie.js
201 silly gunzTarPerm extractEntry locale/sk.js
202 silly gunzTarPerm extractEntry locale/en-gb.js
203 silly gunzTarPerm extractEntry locale/sl.js
204 silly gunzTarPerm extractEntry locale/en-ca.js
205 silly gunzTarPerm extractEntry locale/sq.js
206 silly gunzTarPerm extractEntry locale/en-au.js
207 silly gunzTarPerm extractEntry locale/sr-cyrl.js
208 silly gunzTarPerm extractEntry locale/el.js
209 silly gunzTarPerm extractEntry locale/sr.js
210 silly gunzTarPerm extractEntry locale/dv.js
211 silly gunzTarPerm extractEntry locale/ss.js
212 silly gunzTarPerm extractEntry locale/de.js
213 silly gunzTarPerm extractEntry locale/sv.js
214 silly gunzTarPerm extractEntry locale/de-at.js
215 silly gunzTarPerm extractEntry locale/sw.js
216 silly gunzTarPerm extractEntry locale/da.js
217 silly gunzTarPerm extractEntry locale/ta.js
218 silly gunzTarPerm extractEntry locale/cy.js
219 silly gunzTarPerm extractEntry locale/te.js
220 silly gunzTarPerm extractEntry locale/cv.js
221 silly gunzTarPerm extractEntry locale/tet.js
222 silly gunzTarPerm extractEntry locale/cs.js
223 silly gunzTarPerm extractEntry locale/th.js
224 silly gunzTarPerm extractEntry locale/ca.js
225 silly gunzTarPerm extractEntry locale/tl-ph.js
226 silly gunzTarPerm extractEntry locale/bs.js
227 silly gunzTarPerm extractEntry locale/tlh.js
228 silly gunzTarPerm extractEntry locale/br.js
229 silly gunzTarPerm extractEntry locale/tr.js
230 silly gunzTarPerm extractEntry locale/bo.js
231 silly gunzTarPerm extractEntry locale/tzl.js
232 silly gunzTarPerm extractEntry locale/bn.js
233 silly gunzTarPerm extractEntry locale/tzm-latn.js
234 silly gunzTarPerm extractEntry locale/bg.js
235 silly gunzTarPerm extractEntry locale/tzm.js
236 silly gunzTarPerm extractEntry locale/be.js
237 silly gunzTarPerm extractEntry locale/uk.js
238 silly gunzTarPerm extractEntry locale/az.js
239 silly gunzTarPerm extractEntry locale/uz.js
240 silly gunzTarPerm extractEntry locale/ar.js
241 silly gunzTarPerm extractEntry locale/vi.js
242 silly gunzTarPerm extractEntry locale/ar-tn.js
243 silly gunzTarPerm extractEntry locale/x-pseudo.js
244 silly gunzTarPerm extractEntry locale/ar-sa.js
245 silly gunzTarPerm extractEntry locale/yo.js
246 silly gunzTarPerm extractEntry locale/ar-ma.js
247 silly gunzTarPerm extractEntry locale/zh-cn.js
248 silly gunzTarPerm extractEntry locale/ar-ly.js
249 silly gunzTarPerm extractEntry locale/zh-hk.js
250 silly gunzTarPerm extractEntry locale/ar-dz.js
251 silly gunzTarPerm extractEntry locale/zh-tw.js
252 silly gunzTarPerm extractEntry locale/km.js
253 silly gunzTarPerm extractEntry CHANGELOG.md
254 silly gunzTarPerm extractEntry moment.d.ts
255 silly gunzTarPerm extractEntry src/moment.js
256 silly gunzTarPerm extractEntry src/lib/create/check-overflow.js
257 silly gunzTarPerm extractEntry src/lib/create/from-anything.js
258 silly gunzTarPerm extractEntry src/lib/create/from-array.js
259 silly gunzTarPerm extractEntry src/lib/create/from-object.js
260 silly gunzTarPerm extractEntry src/lib/create/from-string-and-array.js
261 silly gunzTarPerm extractEntry src/lib/create/date-from-array.js
262 silly gunzTarPerm extractEntry src/lib/create/from-string.js
263 silly gunzTarPerm extractEntry src/lib/create/local.js
264 silly gunzTarPerm extractEntry src/lib/create/parsing-flags.js
265 silly gunzTarPerm extractEntry src/lib/create/utc.js
266 silly gunzTarPerm extractEntry src/lib/create/valid.js
267 silly gunzTarPerm extractEntry src/lib/create/from-string-and-format.js
268 silly gunzTarPerm extractEntry src/lib/duration/abs.js
269 silly gunzTarPerm extractEntry src/lib/duration/as.js
270 silly gunzTarPerm extractEntry src/lib/duration/bubble.js
271 silly gunzTarPerm extractEntry src/lib/duration/constructor.js
272 silly gunzTarPerm extractEntry src/lib/duration/add-subtract.js
273 silly gunzTarPerm extractEntry src/lib/duration/duration.js
274 silly gunzTarPerm extractEntry src/lib/duration/get.js
275 silly gunzTarPerm extractEntry src/lib/duration/humanize.js
276 silly gunzTarPerm extractEntry src/lib/duration/iso-string.js
277 silly gunzTarPerm extractEntry src/lib/duration/prototype.js
278 silly gunzTarPerm extractEntry src/lib/duration/create.js
279 silly gunzTarPerm extractEntry src/lib/format/format.js
280 silly gunzTarPerm extractEntry src/lib/locale/base-config.js
281 silly gunzTarPerm extractEntry src/lib/locale/en.js
282 silly gunzTarPerm extractEntry src/lib/locale/formats.js
283 silly gunzTarPerm extractEntry src/lib/locale/invalid.js
284 silly gunzTarPerm extractEntry src/lib/locale/lists.js
285 silly gunzTarPerm extractEntry src/lib/locale/constructor.js
286 silly gunzTarPerm extractEntry src/lib/locale/locales.js
287 silly gunzTarPerm extractEntry src/lib/locale/ordinal.js
288 silly gunzTarPerm extractEntry src/lib/locale/pre-post-format.js
289 silly gunzTarPerm extractEntry src/lib/locale/prototype.js
290 silly gunzTarPerm extractEntry src/lib/locale/relative.js
291 silly gunzTarPerm extractEntry src/lib/locale/calendar.js
292 silly gunzTarPerm extractEntry src/lib/locale/set.js
293 silly gunzTarPerm extractEntry src/lib/locale/locale.js
294 silly gunzTarPerm extractEntry src/lib/moment/add-subtract.js
295 silly gunzTarPerm extractEntry src/lib/moment/diff.js
296 silly gunzTarPerm extractEntry src/lib/moment/format.js
297 silly gunzTarPerm extractEntry src/lib/moment/from.js
298 silly gunzTarPerm extractEntry src/lib/moment/creation-data.js
299 silly gunzTarPerm extractEntry src/lib/moment/locale.js
300 silly gunzTarPerm extractEntry src/lib/moment/min-max.js
301 silly gunzTarPerm extractEntry src/lib/moment/moment.js
302 silly gunzTarPerm extractEntry src/lib/moment/now.js
303 silly gunzTarPerm extractEntry src/lib/moment/prototype.js
304 silly gunzTarPerm extractEntry src/lib/moment/constructor.js
305 silly gunzTarPerm extractEntry src/lib/moment/start-end-of.js
306 silly gunzTarPerm extractEntry src/lib/moment/compare.js
307 silly gunzTarPerm extractEntry src/lib/moment/to-type.js
308 silly gunzTarPerm extractEntry src/lib/moment/clone.js
309 silly gunzTarPerm extractEntry src/lib/moment/to.js
310 silly gunzTarPerm extractEntry src/lib/moment/calendar.js
311 silly gunzTarPerm extractEntry src/lib/moment/valid.js
312 silly gunzTarPerm extractEntry src/lib/moment/get-set.js
313 silly gunzTarPerm extractEntry src/lib/parse/regex.js
314 silly gunzTarPerm extractEntry src/lib/parse/token.js
315 silly gunzTarPerm extractEntry src/lib/units/aliases.js
316 silly gunzTarPerm extractEntry src/lib/units/millisecond.js
317 silly gunzTarPerm extractEntry src/lib/units/minute.js
318 silly gunzTarPerm extractEntry src/lib/units/month.js
319 silly gunzTarPerm extractEntry src/lib/units/offset.js
320 silly gunzTarPerm extractEntry src/lib/units/hour.js
321 silly gunzTarPerm extractEntry src/lib/units/quarter.js
322 silly gunzTarPerm extractEntry src/lib/units/second.js
323 silly gunzTarPerm extractEntry src/lib/units/timestamp.js
324 silly gunzTarPerm extractEntry src/lib/units/timezone.js
325 silly gunzTarPerm extractEntry src/lib/units/units.js
326 silly gunzTarPerm extractEntry src/lib/units/day-of-year.js
327 silly gunzTarPerm extractEntry src/lib/units/week-calendar-utils.js
328 silly gunzTarPerm extractEntry src/lib/units/day-of-week.js
329 silly gunzTarPerm extractEntry src/lib/units/week-year.js
330 silly gunzTarPerm extractEntry src/lib/units/day-of-month.js
331 silly gunzTarPerm extractEntry src/lib/units/week.js
332 silly gunzTarPerm extractEntry src/lib/units/constants.js
333 silly gunzTarPerm extractEntry src/lib/units/year.js
334 silly gunzTarPerm extractEntry src/lib/units/priorities.js
335 silly gunzTarPerm extractEntry src/lib/utils/abs-ceil.js
336 silly gunzTarPerm extractEntry src/lib/utils/has-own-prop.js
337 silly gunzTarPerm extractEntry src/lib/utils/hooks.js
338 silly gunzTarPerm extractEntry src/lib/utils/index-of.js
339 silly gunzTarPerm extractEntry src/lib/utils/is-array.js
340 silly gunzTarPerm extractEntry src/lib/utils/extend.js
341 silly gunzTarPerm extractEntry src/lib/utils/is-function.js
342 silly gunzTarPerm extractEntry src/lib/utils/is-number.js
343 silly gunzTarPerm extractEntry src/lib/utils/is-object-empty.js
344 silly gunzTarPerm extractEntry src/lib/utils/is-object.js
345 silly gunzTarPerm extractEntry src/lib/utils/is-undefined.js
346 silly gunzTarPerm extractEntry src/lib/utils/deprecate.js
347 silly gunzTarPerm extractEntry src/lib/utils/keys.js
348 silly gunzTarPerm extractEntry src/lib/utils/defaults.js
349 silly gunzTarPerm extractEntry src/lib/utils/map.js
350 silly gunzTarPerm extractEntry src/lib/utils/compare-arrays.js
351 silly gunzTarPerm extractEntry src/lib/utils/some.js
352 silly gunzTarPerm extractEntry src/lib/utils/abs-round.js
353 silly gunzTarPerm extractEntry src/lib/utils/to-int.js
354 silly gunzTarPerm extractEntry src/lib/utils/abs-floor.js
355 silly gunzTarPerm extractEntry src/lib/utils/zero-fill.js
356 silly gunzTarPerm extractEntry src/lib/utils/is-date.js
357 silly gunzTarPerm extractEntry src/locale/af.js
358 silly gunzTarPerm extractEntry src/locale/ja.js
359 silly gunzTarPerm extractEntry src/locale/jv.js
360 silly gunzTarPerm extractEntry src/locale/ka.js
361 silly gunzTarPerm extractEntry src/locale/kk.js
362 silly gunzTarPerm extractEntry src/locale/it.js
363 silly gunzTarPerm extractEntry src/locale/ko.js
364 silly gunzTarPerm extractEntry src/locale/ky.js
365 silly gunzTarPerm extractEntry src/locale/lb.js
366 silly gunzTarPerm extractEntry src/locale/lo.js
367 silly gunzTarPerm extractEntry src/locale/lt.js
368 silly gunzTarPerm extractEntry src/locale/is.js
369 silly gunzTarPerm extractEntry src/locale/lv.js
370 silly gunzTarPerm extractEntry src/locale/id.js
371 silly gunzTarPerm extractEntry src/locale/me.js
372 silly gunzTarPerm extractEntry src/locale/hy-am.js
373 silly gunzTarPerm extractEntry src/locale/mi.js
374 silly gunzTarPerm extractEntry src/locale/hu.js
375 silly gunzTarPerm extractEntry src/locale/mk.js
376 silly gunzTarPerm extractEntry src/locale/hr.js
377 silly gunzTarPerm extractEntry src/locale/ml.js
378 silly gunzTarPerm extractEntry src/locale/hi.js
379 silly gunzTarPerm extractEntry src/locale/mr.js
380 silly gunzTarPerm extractEntry src/locale/he.js
381 silly gunzTarPerm extractEntry src/locale/ms-my.js
382 silly gunzTarPerm extractEntry src/locale/gl.js
383 silly gunzTarPerm extractEntry src/locale/ms.js
384 silly gunzTarPerm extractEntry src/locale/gd.js
385 silly gunzTarPerm extractEntry src/locale/my.js
386 silly gunzTarPerm extractEntry src/locale/fy.js
387 silly gunzTarPerm extractEntry src/locale/nb.js
388 silly gunzTarPerm extractEntry src/locale/fr.js
389 silly gunzTarPerm extractEntry src/locale/ne.js
390 silly gunzTarPerm extractEntry src/locale/fr-ch.js
391 silly gunzTarPerm extractEntry src/locale/nl-be.js
392 silly gunzTarPerm extractEntry src/locale/fr-ca.js
393 silly gunzTarPerm extractEntry src/locale/nl.js
394 silly gunzTarPerm extractEntry src/locale/fo.js
395 silly gunzTarPerm extractEntry src/locale/nn.js
396 silly gunzTarPerm extractEntry src/locale/fi.js
397 silly gunzTarPerm extractEntry src/locale/pa-in.js
398 silly gunzTarPerm extractEntry src/locale/fa.js
399 silly gunzTarPerm extractEntry src/locale/pl.js
400 silly gunzTarPerm extractEntry src/locale/eu.js
401 silly gunzTarPerm extractEntry src/locale/pt-br.js
402 silly gunzTarPerm extractEntry src/locale/et.js
403 silly gunzTarPerm extractEntry src/locale/pt.js
404 silly gunzTarPerm extractEntry src/locale/es.js
405 silly gunzTarPerm extractEntry src/locale/ro.js
406 silly gunzTarPerm extractEntry src/locale/es-do.js
407 silly gunzTarPerm extractEntry src/locale/ru.js
408 silly gunzTarPerm extractEntry src/locale/eo.js
409 silly gunzTarPerm extractEntry src/locale/se.js
410 silly gunzTarPerm extractEntry src/locale/en-nz.js
411 silly gunzTarPerm extractEntry src/locale/si.js
412 silly gunzTarPerm extractEntry src/locale/en-ie.js
413 silly gunzTarPerm extractEntry src/locale/sk.js
414 silly gunzTarPerm extractEntry src/locale/en-gb.js
415 silly gunzTarPerm extractEntry src/locale/sl.js
416 silly gunzTarPerm extractEntry src/locale/en-ca.js
417 silly gunzTarPerm extractEntry src/locale/sq.js
418 silly gunzTarPerm extractEntry src/locale/en-au.js
419 silly gunzTarPerm extractEntry src/locale/sr-cyrl.js
420 silly gunzTarPerm extractEntry src/locale/el.js
421 silly gunzTarPerm extractEntry src/locale/sr.js
422 silly gunzTarPerm extractEntry src/locale/dv.js
423 silly gunzTarPerm extractEntry src/locale/ss.js
424 silly gunzTarPerm extractEntry src/locale/de.js
425 silly gunzTarPerm extractEntry src/locale/sv.js
426 silly gunzTarPerm extractEntry src/locale/de-at.js
427 silly gunzTarPerm extractEntry src/locale/sw.js
428 silly gunzTarPerm extractEntry src/locale/da.js
429 silly gunzTarPerm extractEntry src/locale/ta.js
430 silly gunzTarPerm extractEntry src/locale/cy.js
431 silly gunzTarPerm extractEntry src/locale/te.js
432 silly gunzTarPerm extractEntry src/locale/cv.js
433 silly gunzTarPerm extractEntry src/locale/tet.js
434 silly gunzTarPerm extractEntry src/locale/cs.js
435 silly gunzTarPerm extractEntry src/locale/th.js
436 silly gunzTarPerm extractEntry src/locale/ca.js
437 silly gunzTarPerm extractEntry src/locale/tl-ph.js
438 silly gunzTarPerm extractEntry src/locale/bs.js
439 silly gunzTarPerm extractEntry src/locale/tlh.js
440 silly gunzTarPerm extractEntry src/locale/br.js
441 silly gunzTarPerm extractEntry src/locale/tr.js
442 silly gunzTarPerm extractEntry src/locale/bo.js
443 silly gunzTarPerm extractEntry src/locale/tzl.js
444 silly gunzTarPerm extractEntry src/locale/bn.js
445 silly gunzTarPerm extractEntry src/locale/tzm-latn.js
446 silly gunzTarPerm extractEntry src/locale/bg.js
447 silly gunzTarPerm extractEntry src/locale/tzm.js
448 silly gunzTarPerm extractEntry src/locale/be.js
449 silly gunzTarPerm extractEntry src/locale/uk.js
450 silly gunzTarPerm extractEntry src/locale/az.js
451 silly gunzTarPerm extractEntry src/locale/uz.js
452 silly gunzTarPerm extractEntry src/locale/ar.js
453 silly gunzTarPerm extractEntry src/locale/vi.js
454 silly gunzTarPerm extractEntry src/locale/ar-tn.js
455 silly gunzTarPerm extractEntry src/locale/x-pseudo.js
456 silly gunzTarPerm extractEntry src/locale/ar-sa.js
457 silly gunzTarPerm extractEntry src/locale/yo.js
458 silly gunzTarPerm extractEntry src/locale/ar-ma.js
459 silly gunzTarPerm extractEntry src/locale/zh-cn.js
460 silly gunzTarPerm extractEntry src/locale/ar-ly.js
461 silly gunzTarPerm extractEntry src/locale/zh-hk.js
462 silly gunzTarPerm extractEntry src/locale/ar-dz.js
463 silly gunzTarPerm extractEntry src/locale/zh-tw.js
464 silly gunzTarPerm extractEntry src/locale/km.js
465 verbose write writing to /Users/alog1024/Desktop/ECJam/cognition/analysis/templates/analysis/epoch/node_modules/epoch/node_modules/moment/package.json
466 info preinstall moment@2.17.1
467 verbose readDependencies loading dependencies from /Users/alog1024/Desktop/ECJam/cognition/analysis/templates/analysis/epoch/node_modules/epoch/node_modules/moment/package.json
468 verbose readDependencies loading dependencies from /Users/alog1024/Desktop/ECJam/cognition/analysis/templates/analysis/epoch/node_modules/epoch/node_modules/moment/package.json
469 silly install resolved []
470 verbose about to build /Users/alog1024/Desktop/ECJam/cognition/analysis/templates/analysis/epoch/node_modules/epoch/node_modules/moment
471 info build /Users/alog1024/Desktop/ECJam/cognition/analysis/templates/analysis/epoch/node_modules/epoch/node_modules/moment
472 info linkStuff moment@2.17.1
473 silly linkStuff moment@2.17.1 has /Users/alog1024/Desktop/ECJam/cognition/analysis/templates/analysis/epoch/node_modules/epoch/node_modules as its parent node_modules
474 verbose linkBins moment@2.17.1
475 verbose linkMans moment@2.17.1
476 verbose rebuildBundles moment@2.17.1
477 info install moment@2.17.1
478 info postinstall moment@2.17.1
479 verbose unlock done using /Users/alog1024/.npm/_locks/moment-550e12f4a001df4b.lock for /Users/alog1024/Desktop/ECJam/cognition/analysis/templates/analysis/epoch/node_modules/epoch/node_modules/moment
480 verbose about to build /Users/alog1024/Desktop/ECJam/cognition/analysis/templates/analysis/epoch/node_modules/epoch
481 info build /Users/alog1024/Desktop/ECJam/cognition/analysis/templates/analysis/epoch/node_modules/epoch
482 info linkStuff epoch@0.1.0
483 silly linkStuff epoch@0.1.0 has /Users/alog1024/Desktop/ECJam/cognition/analysis/templates/analysis/epoch/node_modules as its parent node_modules
484 verbose linkBins epoch@0.1.0
485 verbose link bins [ { epoch: './bin/epoch' },
485 verbose link bins   '/Users/alog1024/Desktop/ECJam/cognition/analysis/templates/analysis/epoch/node_modules/.bin',
485 verbose link bins   false ]
486 verbose linkMans epoch@0.1.0
487 verbose rebuildBundles epoch@0.1.0
488 verbose rebuildBundles [ 'moment' ]
489 verbose unlock done using /Users/alog1024/.npm/_locks/epoch-25f49bd1c678b297.lock for /Users/alog1024/Desktop/ECJam/cognition/analysis/templates/analysis/epoch/node_modules/epoch
490 verbose stack Error: ENOENT: no such file or directory, chmod '/Users/alog1024/Desktop/ECJam/cognition/analysis/templates/analysis/epoch/node_modules/epoch/bin/epoch'
490 verbose stack     at Error (native)
491 verbose cwd /Users/alog1024/Desktop/ECJam/cognition/analysis/templates/analysis/epoch
492 error Darwin 16.4.0
493 error argv "/usr/local/bin/node" "/usr/local/bin/npm" "install" "epoch"
494 error node v4.6.1
495 error npm  v2.15.9
496 error path /Users/alog1024/Desktop/ECJam/cognition/analysis/templates/analysis/epoch/node_modules/epoch/bin/epoch
497 error code ENOENT
498 error errno -2
499 error syscall chmod
500 error enoent ENOENT: no such file or directory, chmod '/Users/alog1024/Desktop/ECJam/cognition/analysis/templates/analysis/epoch/node_modules/epoch/bin/epoch'
500 error enoent This is most likely not a problem with npm itself
500 error enoent and is related to npm not being able to find a file.
501 verbose exit [ -2, true ]
502 verbose unbuild node_modules/epoch
503 info preuninstall epoch@0.1.0
504 info uninstall epoch@0.1.0
505 verbose unbuild rmStuff epoch@0.1.0 from /Users/alog1024/Desktop/ECJam/cognition/analysis/templates/analysis/epoch/node_modules
506 silly gentlyRm /Users/alog1024/Desktop/ECJam/cognition/analysis/templates/analysis/epoch/node_modules/.bin/epoch is being gently removed
507 silly gentlyRm verifying /Users/alog1024/Desktop/ECJam/cognition/analysis/templates/analysis/epoch is an npm working directory
508 silly gentlyRm containing path /Users/alog1024/Desktop/ECJam/cognition/analysis/templates/analysis/epoch is under npm's control, in /Users/alog1024/Desktop/ECJam/cognition/analysis/templates/analysis/epoch
509 silly gentlyRm deletion target /Users/alog1024/Desktop/ECJam/cognition/analysis/templates/analysis/epoch/node_modules/.bin/epoch is under /Users/alog1024/Desktop/ECJam/cognition/analysis/templates/analysis/epoch
510 verbose gentlyRm vacuuming from /Users/alog1024/Desktop/ECJam/cognition/analysis/templates/analysis/epoch/node_modules/.bin/epoch up to /Users/alog1024/Desktop/ECJam/cognition/analysis/templates/analysis/epoch
511 info postuninstall epoch@0.1.0
512 silly gentlyRm /Users/alog1024/Desktop/ECJam/cognition/analysis/templates/analysis/epoch/node_modules/epoch is being purged from base /Users/alog1024/Desktop/ECJam/cognition/analysis/templates/analysis/epoch
513 verbose gentlyRm don't care about contents; nuking /Users/alog1024/Desktop/ECJam/cognition/analysis/templates/analysis/epoch/node_modules/epoch
514 silly vacuum-fs purging /Users/alog1024/Desktop/ECJam/cognition/analysis/templates/analysis/epoch/node_modules/epoch
515 silly vacuum-fs removing /Users/alog1024/Desktop/ECJam/cognition/analysis/templates/analysis/epoch/node_modules
516 silly vacuum-fs finished vacuuming up to /Users/alog1024/Desktop/ECJam/cognition/analysis/templates/analysis/epoch
